<?xml version="1.0" encoding="UTF-8"?>
<testng-results ignored="0" total="2" passed="2" failed="0" skipped="0">
  <reporter-output>
  </reporter-output>
  <suite started-at="2024-12-22T13:17:18 IST" name="Suite" finished-at="2024-12-22T13:17:29 IST" duration-ms="10531">
    <groups>
    </groups>
    <test started-at="2024-12-22T13:17:18 IST" name="Test" finished-at="2024-12-22T13:17:29 IST" duration-ms="10531">
      <class name="com.devopsautom.selenium.TestClass">
        <test-method is-config="true" signature="launchDriver()[pri:0, instance:com.devopsautom.selenium.TestClass@6d763516]" started-at="2024-12-22T13:17:18 IST" name="launchDriver" finished-at="2024-12-22T13:17:22 IST" duration-ms="3172" status="PASS">
          <reporter-output>
          </reporter-output>
        </test-method> <!-- launchDriver -->
        <test-method signature="test1()[pri:0, instance:com.devopsautom.selenium.TestClass@6d763516]" started-at="2024-12-22T13:17:22 IST" name="test1" finished-at="2024-12-22T13:17:24 IST" duration-ms="2447" status="PASS">
          <reporter-output>
          </reporter-output>
        </test-method> <!-- test1 -->
        <test-method is-config="true" signature="bQuit()[pri:0, instance:com.devopsautom.selenium.TestClass@6d763516]" started-at="2024-12-22T13:17:24 IST" name="bQuit" finished-at="2024-12-22T13:17:25 IST" duration-ms="736" status="PASS">
          <reporter-output>
          </reporter-output>
        </test-method> <!-- bQuit -->
        <test-method is-config="true" signature="launchDriver()[pri:0, instance:com.devopsautom.selenium.TestClass@6d763516]" started-at="2024-12-22T13:17:25 IST" name="launchDriver" finished-at="2024-12-22T13:17:26 IST" duration-ms="1433" status="PASS">
          <reporter-output>
          </reporter-output>
        </test-method> <!-- launchDriver -->
        <test-method signature="test2()[pri:0, instance:com.devopsautom.selenium.TestClass@6d763516]" started-at="2024-12-22T13:17:26 IST" name="test2" finished-at="2024-12-22T13:17:29 IST" duration-ms="2369" status="PASS">
          <reporter-output>
          </reporter-output>
        </test-method> <!-- test2 -->
        <test-method is-config="true" signature="bQuit()[pri:0, instance:com.devopsautom.selenium.TestClass@6d763516]" started-at="2024-12-22T13:17:29 IST" name="bQuit" finished-at="2024-12-22T13:17:29 IST" duration-ms="295" status="PASS">
          <reporter-output>
          </reporter-output>
        </test-method> <!-- bQuit -->
      </class> <!-- com.devopsautom.selenium.TestClass -->
    </test> <!-- Test -->
  </suite> <!-- Suite -->
</testng-results>
