<?xml version="1.0" encoding="UTF-8"?>
<testng-results ignored="0" total="2" passed="2" failed="0" skipped="0">
  <reporter-output>
  </reporter-output>
  <suite started-at="2024-12-22T13:14:33 IST" name="Suite" finished-at="2024-12-22T13:14:41 IST" duration-ms="7706">
    <groups>
    </groups>
    <test started-at="2024-12-22T13:14:33 IST" name="Test" finished-at="2024-12-22T13:14:41 IST" duration-ms="7706">
      <class name="com.devopsautom.selenium.TestClass">
        <test-method is-config="true" signature="launchDriver()[pri:0, instance:com.devopsautom.selenium.TestClass@dd05255]" started-at="2024-12-22T13:14:33 IST" name="launchDriver" finished-at="2024-12-22T13:14:35 IST" duration-ms="2383" status="PASS">
          <reporter-output>
          </reporter-output>
        </test-method> <!-- launchDriver -->
        <test-method signature="test1()[pri:0, instance:com.devopsautom.selenium.TestClass@dd05255]" started-at="2024-12-22T13:14:35 IST" name="test1" finished-at="2024-12-22T13:14:37 IST" duration-ms="1637" status="PASS">
          <reporter-output>
          </reporter-output>
        </test-method> <!-- test1 -->
        <test-method is-config="true" signature="bQuit()[pri:0, instance:com.devopsautom.selenium.TestClass@dd05255]" started-at="2024-12-22T13:14:37 IST" name="bQuit" finished-at="2024-12-22T13:14:37 IST" duration-ms="355" status="PASS">
          <reporter-output>
          </reporter-output>
        </test-method> <!-- bQuit -->
        <test-method is-config="true" signature="launchDriver()[pri:0, instance:com.devopsautom.selenium.TestClass@dd05255]" started-at="2024-12-22T13:14:37 IST" name="launchDriver" finished-at="2024-12-22T13:14:39 IST" duration-ms="1269" status="PASS">
          <reporter-output>
          </reporter-output>
        </test-method> <!-- launchDriver -->
        <test-method signature="test2()[pri:0, instance:com.devopsautom.selenium.TestClass@dd05255]" started-at="2024-12-22T13:14:39 IST" name="test2" finished-at="2024-12-22T13:14:40 IST" duration-ms="1658" status="PASS">
          <reporter-output>
          </reporter-output>
        </test-method> <!-- test2 -->
        <test-method is-config="true" signature="bQuit()[pri:0, instance:com.devopsautom.selenium.TestClass@dd05255]" started-at="2024-12-22T13:14:40 IST" name="bQuit" finished-at="2024-12-22T13:14:41 IST" duration-ms="310" status="PASS">
          <reporter-output>
          </reporter-output>
        </test-method> <!-- bQuit -->
      </class> <!-- com.devopsautom.selenium.TestClass -->
    </test> <!-- Test -->
  </suite> <!-- Suite -->
</testng-results>
